[1] "Function initiated : [ fun.install.require ]"
Loading required package: ca
[1] "Library loaded : [ ca ]"
Loading required package: ade4
[1] "Library loaded : [ ade4 ]"
Loading required package: cluster
[1] "Library loaded : [ cluster ]"
[1] "Function ended : [ fun.install.require ]"
[1] 1
[1] 2
[1] 3


processing file: xx.04.mca.Rmd
  |                                                                         |                                                                 |   0%  |                                                                         |................                                                 |  25%
  ordinary text without R code

  |                                                                         |................................                                 |  50%
label: unnamed-chunk-1 (with options) 
List of 1
 $ include: logi FALSE

  |                                                                         |.................................................                |  75%
  ordinary text without R code

  |                                                                         |.................................................................| 100%
label: unnamed-chunk-2 (with options) 
List of 5
 $ results   : chr "asis"
 $ warning   : logi FALSE
 $ echo      : symbol F
 $ fig.width : num 4
 $ fig.height: num 4

cropping ../report.gnr/04.mca_files/figure-latex/unnamed-chunk-2-1.pdf
PDFCROP 1.5, 2004/06/24 - Copyright (c) 2002, 2004 by Heiko Oberdiek.
==> 1 pages written on `../report.gnr/04.mca_files/figure-latex/unnamed-chunk-2-1.pdf'.
cropping ../report.gnr/04.mca_files/figure-latex/unnamed-chunk-2-2.pdf
PDFCROP 1.5, 2004/06/24 - Copyright (c) 2002, 2004 by Heiko Oberdiek.
==> 1 pages written on `../report.gnr/04.mca_files/figure-latex/unnamed-chunk-2-2.pdf'.
cropping ../report.gnr/04.mca_files/figure-latex/unnamed-chunk-2-3.pdf
PDFCROP 1.5, 2004/06/24 - Copyright (c) 2002, 2004 by Heiko Oberdiek.
==> 1 pages written on `../report.gnr/04.mca_files/figure-latex/unnamed-chunk-2-3.pdf'.
cropping ../report.gnr/04.mca_files/figure-latex/unnamed-chunk-2-4.pdf
PDFCROP 1.5, 2004/06/24 - Copyright (c) 2002, 2004 by Heiko Oberdiek.
==> 1 pages written on `../report.gnr/04.mca_files/figure-latex/unnamed-chunk-2-4.pdf'.
cropping ../report.gnr/04.mca_files/figure-latex/unnamed-chunk-2-5.pdf
PDFCROP 1.5, 2004/06/24 - Copyright (c) 2002, 2004 by Heiko Oberdiek.
==> 1 pages written on `../report.gnr/04.mca_files/figure-latex/unnamed-chunk-2-5.pdf'.
cropping ../report.gnr/04.mca_files/figure-latex/unnamed-chunk-2-6.pdf
PDFCROP 1.5, 2004/06/24 - Copyright (c) 2002, 2004 by Heiko Oberdiek.
==> 1 pages written on `../report.gnr/04.mca_files/figure-latex/unnamed-chunk-2-6.pdf'.
cropping ../report.gnr/04.mca_files/figure-latex/unnamed-chunk-2-7.pdf
PDFCROP 1.5, 2004/06/24 - Copyright (c) 2002, 2004 by Heiko Oberdiek.
==> 1 pages written on `../report.gnr/04.mca_files/figure-latex/unnamed-chunk-2-7.pdf'.
cropping ../report.gnr/04.mca_files/figure-latex/unnamed-chunk-2-8.pdf
PDFCROP 1.5, 2004/06/24 - Copyright (c) 2002, 2004 by Heiko Oberdiek.
==> 1 pages written on `../report.gnr/04.mca_files/figure-latex/unnamed-chunk-2-8.pdf'.
cropping ../report.gnr/04.mca_files/figure-latex/unnamed-chunk-2-9.pdf
PDFCROP 1.5, 2004/06/24 - Copyright (c) 2002, 2004 by Heiko Oberdiek.
==> 1 pages written on `../report.gnr/04.mca_files/figure-latex/unnamed-chunk-2-9.pdf'.
cropping ../report.gnr/04.mca_files/figure-latex/unnamed-chunk-2-10.pdf
PDFCROP 1.5, 2004/06/24 - Copyright (c) 2002, 2004 by Heiko Oberdiek.
==> 1 pages written on `../report.gnr/04.mca_files/figure-latex/unnamed-chunk-2-10.pdf'.
cropping ../report.gnr/04.mca_files/figure-latex/unnamed-chunk-2-11.pdf
PDFCROP 1.5, 2004/06/24 - Copyright (c) 2002, 2004 by Heiko Oberdiek.
==> 1 pages written on `../report.gnr/04.mca_files/figure-latex/unnamed-chunk-2-11.pdf'.
cropping ../report.gnr/04.mca_files/figure-latex/unnamed-chunk-2-12.pdf
PDFCROP 1.5, 2004/06/24 - Copyright (c) 2002, 2004 by Heiko Oberdiek.
==> 1 pages written on `../report.gnr/04.mca_files/figure-latex/unnamed-chunk-2-12.pdf'.

output file: xx.04.mca.knit.md

/usr/bin/pandoc xx.04.mca.utf8.md --to latex --from markdown+autolink_bare_uris+ascii_identifiers+tex_math_single_backslash --output ../report.gnr/04.mca.pdf --table-of-contents --toc-depth 4 --template /home/abaghan/R/x86_64-unknown-linux-gnu-library/3.0/rmarkdown/rmd/latex/default.tex --number-sections --highlight-style tango --latex-engine pdflatex --variable 'geometry:margin=1in' 
! LaTeX Error: File `ifxetex.sty' not found.

Type X to quit or <RETURN> to proceed,
or enter new name. (Default extension: sty)

Enter file name: 
! Emergency stop.
<read *> 
         
l.6 \usepackage

pandoc: Error producing PDF from TeX source
Error: pandoc document conversion failed with error 43
In addition: Warning messages:
1: In arrows(rep(0, length(y[, 1])), rep(0, length(y[, 1])), y[, 1],  :
  zero-length arrow is of indeterminate angle and so skipped
2: In arrows(rep(0, length(y[, 1])), rep(0, length(y[, 1])), y[, 1],  :
  zero-length arrow is of indeterminate angle and so skipped
3: In arrows(rep(0, length(y[, 1])), rep(0, length(y[, 1])), y[, 1],  :
  zero-length arrow is of indeterminate angle and so skipped
4: In replayPlot(x) :
  zero-length arrow is of indeterminate angle and so skipped
5: In replayPlot(x) :
  zero-length arrow is of indeterminate angle and so skipped
6: In replayPlot(x) :
  zero-length arrow is of indeterminate angle and so skipped
Execution halted
